<?xml version="1.0" encoding="UTF-8"?>
<coverage generated="1694668292241" clover="3.2.0">
  <project timestamp="1694668292242" name="All files">
    <metrics statements="62" coveredstatements="48" conditionals="4" coveredconditionals="0" methods="16" coveredmethods="3" elements="82" coveredelements="51" complexity="0" loc="62" ncloc="62" packages="6" files="12" classes="12"/>
    <package name="src">
      <metrics statements="9" coveredstatements="9" conditionals="0" coveredconditionals="0" methods="1" coveredmethods="1"/>
      <file name="App.tsx" path="C:\Users\SSAFY\Desktop\study\S09P22D209\Front\src\App.tsx">
        <metrics statements="9" coveredstatements="9" conditionals="0" coveredconditionals="0" methods="1" coveredmethods="1"/>
        <line num="1" count="1" type="stmt"/>
        <line num="2" count="1" type="stmt"/>
        <line num="3" count="1" type="stmt"/>
        <line num="4" count="1" type="stmt"/>
        <line num="5" count="1" type="stmt"/>
        <line num="6" count="1" type="stmt"/>
        <line num="7" count="1" type="stmt"/>
        <line num="10" count="1" type="stmt"/>
        <line num="27" count="1" type="stmt"/>
      </file>
    </package>
    <package name="src.components.common">
      <metrics statements="7" coveredstatements="5" conditionals="2" coveredconditionals="0" methods="2" coveredmethods="0"/>
      <file name="Header.tsx" path="C:\Users\SSAFY\Desktop\study\S09P22D209\Front\src\components\common\Header.tsx">
        <metrics statements="4" coveredstatements="3" conditionals="2" coveredconditionals="0" methods="1" coveredmethods="0"/>
        <line num="1" count="1" type="stmt"/>
        <line num="12" count="1" type="stmt"/>
        <line num="13" count="0" type="stmt"/>
        <line num="35" count="1" type="stmt"/>
      </file>
      <file name="Profile.tsx" path="C:\Users\SSAFY\Desktop\study\S09P22D209\Front\src\components\common\Profile.tsx">
        <metrics statements="3" coveredstatements="2" conditionals="0" coveredconditionals="0" methods="1" coveredmethods="0"/>
        <line num="9" count="1" type="stmt"/>
        <line num="10" count="0" type="stmt"/>
        <line num="18" count="1" type="stmt"/>
      </file>
    </package>
    <package name="src.components.login">
      <metrics statements="9" coveredstatements="7" conditionals="0" coveredconditionals="0" methods="2" coveredmethods="0"/>
      <file name="LoginButton.tsx" path="C:\Users\SSAFY\Desktop\study\S09P22D209\Front\src\components\login\LoginButton.tsx">
        <metrics statements="5" coveredstatements="4" conditionals="0" coveredconditionals="0" methods="1" coveredmethods="0"/>
        <line num="1" count="1" type="stmt"/>
        <line num="2" count="1" type="stmt"/>
        <line num="3" count="1" type="stmt"/>
        <line num="4" count="0" type="stmt"/>
        <line num="14" count="1" type="stmt"/>
      </file>
      <file name="LoginLogo.tsx" path="C:\Users\SSAFY\Desktop\study\S09P22D209\Front\src\components\login\LoginLogo.tsx">
        <metrics statements="4" coveredstatements="3" conditionals="0" coveredconditionals="0" methods="1" coveredmethods="0"/>
        <line num="1" count="1" type="stmt"/>
        <line num="3" count="1" type="stmt"/>
        <line num="4" count="0" type="stmt"/>
        <line num="7" count="1" type="stmt"/>
      </file>
    </package>
    <package name="src.components.signup">
      <metrics statements="4" coveredstatements="3" conditionals="0" coveredconditionals="0" methods="1" coveredmethods="0"/>
      <file name="SignupSelect.tsx" path="C:\Users\SSAFY\Desktop\study\S09P22D209\Front\src\components\signup\SignupSelect.tsx">
        <metrics statements="4" coveredstatements="3" conditionals="0" coveredconditionals="0" methods="1" coveredmethods="0"/>
        <line num="1" count="1" type="stmt"/>
        <line num="3" count="1" type="stmt"/>
        <line num="4" count="0" type="stmt"/>
        <line num="24" count="1" type="stmt"/>
      </file>
    </package>
    <package name="src.layouts">
      <metrics statements="2" coveredstatements="2" conditionals="0" coveredconditionals="0" methods="1" coveredmethods="1"/>
      <file name="AppLayout.tsx" path="C:\Users\SSAFY\Desktop\study\S09P22D209\Front\src\layouts\AppLayout.tsx">
        <metrics statements="2" coveredstatements="2" conditionals="0" coveredconditionals="0" methods="1" coveredmethods="1"/>
        <line num="3" count="1" type="stmt"/>
        <line num="4" count="1" type="stmt"/>
      </file>
    </package>
    <package name="src.pages">
      <metrics statements="31" coveredstatements="22" conditionals="2" coveredconditionals="0" methods="9" coveredmethods="1"/>
      <file name="Home.tsx" path="C:\Users\SSAFY\Desktop\study\S09P22D209\Front\src\pages\Home.tsx">
        <metrics statements="4" coveredstatements="4" conditionals="0" coveredconditionals="0" methods="1" coveredmethods="1"/>
        <line num="1" count="1" type="stmt"/>
        <line num="3" count="1" type="stmt"/>
        <line num="4" count="1" type="stmt"/>
        <line num="15" count="1" type="stmt"/>
      </file>
      <file name="Login.tsx" path="C:\Users\SSAFY\Desktop\study\S09P22D209\Front\src\pages\Login.tsx">
        <metrics statements="6" coveredstatements="5" conditionals="0" coveredconditionals="0" methods="1" coveredmethods="0"/>
        <line num="1" count="1" type="stmt"/>
        <line num="2" count="1" type="stmt"/>
        <line num="3" count="1" type="stmt"/>
        <line num="5" count="1" type="stmt"/>
        <line num="6" count="0" type="stmt"/>
        <line num="15" count="1" type="stmt"/>
      </file>
      <file name="PocketMoney.tsx" path="C:\Users\SSAFY\Desktop\study\S09P22D209\Front\src\pages\PocketMoney.tsx">
        <metrics statements="4" coveredstatements="3" conditionals="0" coveredconditionals="0" methods="1" coveredmethods="0"/>
        <line num="2" count="1" type="stmt"/>
        <line num="4" count="1" type="stmt"/>
        <line num="5" count="0" type="stmt"/>
        <line num="72" count="1" type="stmt"/>
      </file>
      <file name="Signup.tsx" path="C:\Users\SSAFY\Desktop\study\S09P22D209\Front\src\pages\Signup.tsx">
        <metrics statements="5" coveredstatements="4" conditionals="0" coveredconditionals="0" methods="1" coveredmethods="0"/>
        <line num="1" count="1" type="stmt"/>
        <line num="2" count="1" type="stmt"/>
        <line num="4" count="1" type="stmt"/>
        <line num="5" count="0" type="stmt"/>
        <line num="13" count="1" type="stmt"/>
      </file>
      <file name="Wallet.tsx" path="C:\Users\SSAFY\Desktop\study\S09P22D209\Front\src\pages\Wallet.tsx">
        <metrics statements="12" coveredstatements="6" conditionals="2" coveredconditionals="0" methods="5" coveredmethods="0"/>
        <line num="1" count="1" type="stmt"/>
        <line num="3" count="1" type="cond" truecount="0" falsecount="2"/>
        <line num="4" count="0" type="stmt"/>
        <line num="22" count="1" type="stmt"/>
        <line num="23" count="0" type="stmt"/>
        <line num="39" count="1" type="stmt"/>
        <line num="40" count="0" type="stmt"/>
        <line num="59" count="1" type="stmt"/>
        <line num="60" count="0" type="stmt"/>
        <line num="61" count="0" type="stmt"/>
        <line num="98" count="0" type="stmt"/>
        <line num="118" count="1" type="stmt"/>
      </file>
    </package>
  </project>
</coverage>
