{"C:\\Users\\SSAFY\\Desktop\\study\\S09P22D209\\Front\\src\\App.tsx": {"path":"C:\\Users\\SSAFY\\Desktop\\study\\S09P22D209\\Front\\src\\App.tsx","statementMap":{"0":{"start":{"line":1,"column":0},"end":{"line":1,"column":64}},"1":{"start":{"line":2,"column":0},"end":{"line":2,"column":34}},"2":{"start":{"line":3,"column":0},"end":{"line":3,"column":46}},"3":{"start":{"line":4,"column":0},"end":{"line":4,"column":36}},"4":{"start":{"line":5,"column":0},"end":{"line":5,"column":32}},"5":{"start":{"line":6,"column":0},"end":{"line":6,"column":48}},"6":{"start":{"line":7,"column":0},"end":{"line":7,"column":36}},"7":{"start":{"line":10,"column":2},"end":{"line":24,"column":4}},"8":{"start":{"line":27,"column":0},"end":{"line":27,"column":19}}},"fnMap":{"0":{"name":"App","decl":{"start":{"line":9,"column":9},"end":{"line":9,"column":12}},"loc":{"start":{"line":9,"column":12},"end":{"line":25,"column":1}}}},"branchMap":{},"s":{"0":1,"1":1,"2":1,"3":1,"4":1,"5":1,"6":1,"7":1,"8":1},"f":{"0":1},"b":{}}
,"C:\\Users\\SSAFY\\Desktop\\study\\S09P22D209\\Front\\src\\components\\common\\Header.tsx": {"path":"C:\\Users\\SSAFY\\Desktop\\study\\S09P22D209\\Front\\src\\components\\common\\Header.tsx","statementMap":{"0":{"start":{"line":1,"column":0},"end":{"line":1,"column":40}},"1":{"start":{"line":12,"column":15},"end":{"line":33,"column":1}},"2":{"start":{"line":13,"column":2},"end":{"line":32,"column":4}},"3":{"start":{"line":35,"column":0},"end":{"line":35,"column":22}}},"fnMap":{"0":{"name":"(anonymous_0)","decl":{"start":{"line":12,"column":15},"end":{"line":12,"column":16}},"loc":{"start":{"line":12,"column":70},"end":{"line":33,"column":1}}}},"branchMap":{"0":{"loc":{"start":{"line":15,"column":7},"end":{"line":29,"column":null}},"type":"cond-expr","locations":[{"start":{"line":16,"column":8},"end":{"line":21,"column":null}},{"start":{"line":24,"column":8},"end":{"line":28,"column":null}}]}},"s":{"0":1,"1":1,"2":0,"3":1},"f":{"0":0},"b":{"0":[0,0]}}
,"C:\\Users\\SSAFY\\Desktop\\study\\S09P22D209\\Front\\src\\components\\common\\Profile.tsx": {"path":"C:\\Users\\SSAFY\\Desktop\\study\\S09P22D209\\Front\\src\\components\\common\\Profile.tsx","statementMap":{"0":{"start":{"line":9,"column":16},"end":{"line":16,"column":1}},"1":{"start":{"line":10,"column":2},"end":{"line":15,"column":4}},"2":{"start":{"line":18,"column":0},"end":{"line":18,"column":23}}},"fnMap":{"0":{"name":"(anonymous_0)","decl":{"start":{"line":9,"column":16},"end":{"line":9,"column":17}},"loc":{"start":{"line":9,"column":64},"end":{"line":16,"column":1}}}},"branchMap":{},"s":{"0":1,"1":0,"2":1},"f":{"0":0},"b":{}}
,"C:\\Users\\SSAFY\\Desktop\\study\\S09P22D209\\Front\\src\\components\\login\\LoginButton.tsx": {"path":"C:\\Users\\SSAFY\\Desktop\\study\\S09P22D209\\Front\\src\\components\\login\\LoginButton.tsx","statementMap":{"0":{"start":{"line":1,"column":0},"end":{"line":1,"column":40}},"1":{"start":{"line":2,"column":0},"end":{"line":2,"column":62}},"2":{"start":{"line":3,"column":20},"end":{"line":12,"column":1}},"3":{"start":{"line":4,"column":2},"end":{"line":11,"column":4}},"4":{"start":{"line":14,"column":0},"end":{"line":14,"column":27}}},"fnMap":{"0":{"name":"(anonymous_1)","decl":{"start":{"line":3,"column":20},"end":{"line":3,"column":23}},"loc":{"start":{"line":3,"column":25},"end":{"line":12,"column":1}}}},"branchMap":{},"s":{"0":1,"1":1,"2":1,"3":0,"4":1},"f":{"0":0},"b":{}}
,"C:\\Users\\SSAFY\\Desktop\\study\\S09P22D209\\Front\\src\\components\\login\\LoginLogo.tsx": {"path":"C:\\Users\\SSAFY\\Desktop\\study\\S09P22D209\\Front\\src\\components\\login\\LoginLogo.tsx","statementMap":{"0":{"start":{"line":1,"column":0},"end":{"line":1,"column":52}},"1":{"start":{"line":3,"column":18},"end":{"line":5,"column":1}},"2":{"start":{"line":4,"column":2},"end":{"line":4,"column":58}},"3":{"start":{"line":7,"column":0},"end":{"line":7,"column":25}}},"fnMap":{"0":{"name":"(anonymous_1)","decl":{"start":{"line":3,"column":18},"end":{"line":3,"column":21}},"loc":{"start":{"line":3,"column":23},"end":{"line":5,"column":1}}}},"branchMap":{},"s":{"0":1,"1":1,"2":0,"3":1},"f":{"0":0},"b":{}}
,"C:\\Users\\SSAFY\\Desktop\\study\\S09P22D209\\Front\\src\\components\\signup\\SignupSelect.tsx": {"path":"C:\\Users\\SSAFY\\Desktop\\study\\S09P22D209\\Front\\src\\components\\signup\\SignupSelect.tsx","statementMap":{"0":{"start":{"line":1,"column":0},"end":{"line":1,"column":40}},"1":{"start":{"line":3,"column":21},"end":{"line":22,"column":1}},"2":{"start":{"line":4,"column":2},"end":{"line":21,"column":4}},"3":{"start":{"line":24,"column":0},"end":{"line":24,"column":28}}},"fnMap":{"0":{"name":"(anonymous_1)","decl":{"start":{"line":3,"column":21},"end":{"line":3,"column":24}},"loc":{"start":{"line":3,"column":26},"end":{"line":22,"column":1}}}},"branchMap":{},"s":{"0":1,"1":1,"2":0,"3":1},"f":{"0":0},"b":{}}
,"C:\\Users\\SSAFY\\Desktop\\study\\S09P22D209\\Front\\src\\layouts\\AppLayout.tsx": {"path":"C:\\Users\\SSAFY\\Desktop\\study\\S09P22D209\\Front\\src\\layouts\\AppLayout.tsx","statementMap":{"0":{"start":{"line":3,"column":25},"end":{"line":5,"column":1}},"1":{"start":{"line":4,"column":2},"end":{"line":4,"column":85}},"2":{"start":{"line":3,"column":13},"end":{"line":3,"column":25}}},"fnMap":{"0":{"name":"(anonymous_0)","decl":{"start":{"line":3,"column":25},"end":{"line":3,"column":26}},"loc":{"start":{"line":3,"column":63},"end":{"line":5,"column":1}}}},"branchMap":{},"s":{"0":1,"1":1,"2":1},"f":{"0":1},"b":{}}
,"C:\\Users\\SSAFY\\Desktop\\study\\S09P22D209\\Front\\src\\pages\\Home.tsx": {"path":"C:\\Users\\SSAFY\\Desktop\\study\\S09P22D209\\Front\\src\\pages\\Home.tsx","statementMap":{"0":{"start":{"line":1,"column":0},"end":{"line":1,"column":40}},"1":{"start":{"line":3,"column":13},"end":{"line":13,"column":1}},"2":{"start":{"line":4,"column":2},"end":{"line":12,"column":4}},"3":{"start":{"line":15,"column":0},"end":{"line":15,"column":20}}},"fnMap":{"0":{"name":"(anonymous_0)","decl":{"start":{"line":3,"column":13},"end":{"line":3,"column":16}},"loc":{"start":{"line":3,"column":18},"end":{"line":13,"column":1}}}},"branchMap":{},"s":{"0":1,"1":1,"2":1,"3":1},"f":{"0":1},"b":{}}
,"C:\\Users\\SSAFY\\Desktop\\study\\S09P22D209\\Front\\src\\pages\\Login.tsx": {"path":"C:\\Users\\SSAFY\\Desktop\\study\\S09P22D209\\Front\\src\\pages\\Login.tsx","statementMap":{"0":{"start":{"line":1,"column":0},"end":{"line":1,"column":49}},"1":{"start":{"line":2,"column":0},"end":{"line":2,"column":54}},"2":{"start":{"line":3,"column":0},"end":{"line":3,"column":58}},"3":{"start":{"line":5,"column":14},"end":{"line":13,"column":1}},"4":{"start":{"line":6,"column":2},"end":{"line":12,"column":4}},"5":{"start":{"line":15,"column":0},"end":{"line":15,"column":21}}},"fnMap":{"0":{"name":"(anonymous_1)","decl":{"start":{"line":5,"column":14},"end":{"line":5,"column":17}},"loc":{"start":{"line":5,"column":19},"end":{"line":13,"column":1}}}},"branchMap":{},"s":{"0":1,"1":1,"2":1,"3":1,"4":0,"5":1},"f":{"0":0},"b":{}}
,"C:\\Users\\SSAFY\\Desktop\\study\\S09P22D209\\Front\\src\\pages\\PocketMoney.tsx": {"path":"C:\\Users\\SSAFY\\Desktop\\study\\S09P22D209\\Front\\src\\pages\\PocketMoney.tsx","statementMap":{"0":{"start":{"line":2,"column":0},"end":{"line":2,"column":40}},"1":{"start":{"line":4,"column":30},"end":{"line":70,"column":1}},"2":{"start":{"line":5,"column":2},"end":{"line":69,"column":4}},"3":{"start":{"line":72,"column":0},"end":{"line":72,"column":27}}},"fnMap":{"0":{"name":"(anonymous_0)","decl":{"start":{"line":4,"column":30},"end":{"line":4,"column":33}},"loc":{"start":{"line":4,"column":35},"end":{"line":70,"column":1}}}},"branchMap":{},"s":{"0":1,"1":1,"2":0,"3":1},"f":{"0":0},"b":{}}
,"C:\\Users\\SSAFY\\Desktop\\study\\S09P22D209\\Front\\src\\pages\\Signup.tsx": {"path":"C:\\Users\\SSAFY\\Desktop\\study\\S09P22D209\\Front\\src\\pages\\Signup.tsx","statementMap":{"0":{"start":{"line":1,"column":0},"end":{"line":1,"column":49}},"1":{"start":{"line":2,"column":0},"end":{"line":2,"column":61}},"2":{"start":{"line":4,"column":15},"end":{"line":11,"column":1}},"3":{"start":{"line":5,"column":2},"end":{"line":10,"column":4}},"4":{"start":{"line":13,"column":0},"end":{"line":13,"column":22}}},"fnMap":{"0":{"name":"(anonymous_1)","decl":{"start":{"line":4,"column":15},"end":{"line":4,"column":18}},"loc":{"start":{"line":4,"column":20},"end":{"line":11,"column":1}}}},"branchMap":{},"s":{"0":1,"1":1,"2":1,"3":0,"4":1},"f":{"0":0},"b":{}}
,"C:\\Users\\SSAFY\\Desktop\\study\\S09P22D209\\Front\\src\\pages\\Wallet.tsx": {"path":"C:\\Users\\SSAFY\\Desktop\\study\\S09P22D209\\Front\\src\\pages\\Wallet.tsx","statementMap":{"0":{"start":{"line":1,"column":0},"end":{"line":1,"column":53}},"1":{"start":{"line":3,"column":13},"end":{"line":20,"column":1}},"2":{"start":{"line":4,"column":2},"end":{"line":19,"column":4}},"3":{"start":{"line":22,"column":18},"end":{"line":37,"column":1}},"4":{"start":{"line":23,"column":2},"end":{"line":36,"column":4}},"5":{"start":{"line":39,"column":22},"end":{"line":57,"column":1}},"6":{"start":{"line":40,"column":2},"end":{"line":56,"column":4}},"7":{"start":{"line":59,"column":15},"end":{"line":116,"column":1}},"8":{"start":{"line":60,"column":19},"end":{"line":60,"column":32}},"9":{"start":{"line":61,"column":2},"end":{"line":115,"column":4}},"10":{"start":{"line":98,"column":37},"end":{"line":98,"column":55}},"11":{"start":{"line":118,"column":0},"end":{"line":118,"column":22}}},"fnMap":{"0":{"name":"(anonymous_0)","decl":{"start":{"line":3,"column":13},"end":{"line":3,"column":14}},"loc":{"start":{"line":3,"column":34},"end":{"line":20,"column":1}}},"1":{"name":"(anonymous_1)","decl":{"start":{"line":22,"column":18},"end":{"line":22,"column":21}},"loc":{"start":{"line":22,"column":23},"end":{"line":37,"column":1}}},"2":{"name":"(anonymous_2)","decl":{"start":{"line":39,"column":22},"end":{"line":39,"column":25}},"loc":{"start":{"line":39,"column":27},"end":{"line":57,"column":1}}},"3":{"name":"(anonymous_3)","decl":{"start":{"line":59,"column":15},"end":{"line":59,"column":18}},"loc":{"start":{"line":59,"column":20},"end":{"line":116,"column":1}}},"4":{"name":"(anonymous_4)","decl":{"start":{"line":98,"column":31},"end":{"line":98,"column":34}},"loc":{"start":{"line":98,"column":37},"end":{"line":98,"column":55}}}},"branchMap":{"0":{"loc":{"start":{"line":3,"column":16},"end":{"line":3,"column":21}},"type":"default-arg","locations":[{"start":{"line":3,"column":20},"end":{"line":3,"column":21}}]},"1":{"loc":{"start":{"line":3,"column":23},"end":{"line":3,"column":28}},"type":"default-arg","locations":[{"start":{"line":3,"column":27},"end":{"line":3,"column":28}}]}},"s":{"0":1,"1":1,"2":0,"3":1,"4":0,"5":1,"6":0,"7":1,"8":0,"9":0,"10":0,"11":1},"f":{"0":0,"1":0,"2":0,"3":0,"4":0},"b":{"0":[0],"1":[0]}}
}
