TN:
SF:src\App.tsx
FN:9,App
FNF:1
FNH:1
FNDA:1,App
DA:1,1
DA:2,1
DA:3,1
DA:4,1
DA:5,1
DA:6,1
DA:7,1
DA:10,1
DA:27,1
LF:9
LH:9
BRF:0
BRH:0
end_of_record
TN:
SF:src\components\common\Header.tsx
FN:12,(anonymous_0)
FNF:1
FNH:0
FNDA:0,(anonymous_0)
DA:1,1
DA:12,1
DA:13,0
DA:35,1
LF:4
LH:3
BRDA:15,0,0,0
BRDA:15,0,1,0
BRF:2
BRH:0
end_of_record
TN:
SF:src\components\common\Profile.tsx
FN:9,(anonymous_0)
FNF:1
FNH:0
FNDA:0,(anonymous_0)
DA:9,1
DA:10,0
DA:18,1
LF:3
LH:2
BRF:0
BRH:0
end_of_record
TN:
SF:src\components\login\LoginButton.tsx
FN:3,(anonymous_1)
FNF:1
FNH:0
FNDA:0,(anonymous_1)
DA:1,1
DA:2,1
DA:3,1
DA:4,0
DA:14,1
LF:5
LH:4
BRF:0
BRH:0
end_of_record
TN:
SF:src\components\login\LoginLogo.tsx
FN:3,(anonymous_1)
FNF:1
FNH:0
FNDA:0,(anonymous_1)
DA:1,1
DA:3,1
DA:4,0
DA:7,1
LF:4
LH:3
BRF:0
BRH:0
end_of_record
TN:
SF:src\components\signup\SignupSelect.tsx
FN:3,(anonymous_1)
FNF:1
FNH:0
FNDA:0,(anonymous_1)
DA:1,1
DA:3,1
DA:4,0
DA:24,1
LF:4
LH:3
BRF:0
BRH:0
end_of_record
TN:
SF:src\layouts\AppLayout.tsx
FN:3,(anonymous_0)
FNF:1
FNH:1
FNDA:1,(anonymous_0)
DA:3,1
DA:4,1
LF:2
LH:2
BRF:0
BRH:0
end_of_record
TN:
SF:src\pages\Home.tsx
FN:3,(anonymous_0)
FNF:1
FNH:1
FNDA:1,(anonymous_0)
DA:1,1
DA:3,1
DA:4,1
DA:15,1
LF:4
LH:4
BRF:0
BRH:0
end_of_record
TN:
SF:src\pages\Login.tsx
FN:5,(anonymous_1)
FNF:1
FNH:0
FNDA:0,(anonymous_1)
DA:1,1
DA:2,1
DA:3,1
DA:5,1
DA:6,0
DA:15,1
LF:6
LH:5
BRF:0
BRH:0
end_of_record
TN:
SF:src\pages\PocketMoney.tsx
FN:4,(anonymous_0)
FNF:1
FNH:0
FNDA:0,(anonymous_0)
DA:2,1
DA:4,1
DA:5,0
DA:72,1
LF:4
LH:3
BRF:0
BRH:0
end_of_record
TN:
SF:src\pages\Signup.tsx
FN:4,(anonymous_1)
FNF:1
FNH:0
FNDA:0,(anonymous_1)
DA:1,1
DA:2,1
DA:4,1
DA:5,0
DA:13,1
LF:5
LH:4
BRF:0
BRH:0
end_of_record
TN:
SF:src\pages\Wallet.tsx
FN:3,(anonymous_0)
FN:22,(anonymous_1)
FN:39,(anonymous_2)
FN:59,(anonymous_3)
FN:98,(anonymous_4)
FNF:5
FNH:0
FNDA:0,(anonymous_0)
FNDA:0,(anonymous_1)
FNDA:0,(anonymous_2)
FNDA:0,(anonymous_3)
FNDA:0,(anonymous_4)
DA:1,1
DA:3,1
DA:4,0
DA:22,1
DA:23,0
DA:39,1
DA:40,0
DA:59,1
DA:60,0
DA:61,0
DA:98,0
DA:118,1
LF:12
LH:6
BRDA:3,0,0,0
BRDA:3,1,0,0
BRF:2
BRH:0
end_of_record
